Using pre-set license
Built from '2020.3/release' branch; Version is '2020.3.1f1 (77a89f25062f) revision 7841951'; Using compiler version '192528614'; Build Type 'Release'
OS: 'Windows 10 Home; OS build 19042.985; Version 2009; 64bit' Language: 'nl' Physical Memory: 16228 MB
BatchMode: 1, IsHumanControllingUs: 0, StartBugReporterOnCrash: 0, Is64bit: 1, IsPro: 0

 COMMAND LINE ARGUMENTS:
C:\Program Files\Unity\Hub\Editor\2020.3.1f1\Editor\Unity.exe
-adb2
-batchMode
-noUpm
-name
AssetImportWorker0
-projectPath
D:/Unity/Jaar 2/wat-eten-wij-ThomFolst/New Unity Project
-logFile
Logs/AssetImportWorker0.log
-srvPort
61922
Successfully changed project path to: D:/Unity/Jaar 2/wat-eten-wij-ThomFolst/New Unity Project
D:/Unity/Jaar 2/wat-eten-wij-ThomFolst/New Unity Project
Using Asset Import Pipeline V2.
Refreshing native plugins compatible for Editor in 24.66 ms, found 0 plugins.
Preloading 0 native plugins for Editor in 0.00 ms.
Initialize engine version: 2020.3.1f1 (77a89f25062f)
[Subsystems] Discovering subsystems at path C:/Program Files/Unity/Hub/Editor/2020.3.1f1/Editor/Data/Resources/UnitySubsystems
[Subsystems] Discovering subsystems at path D:/Unity/Jaar 2/wat-eten-wij-ThomFolst/New Unity Project/Assets
GfxDevice: creating device client; threaded=0
Direct3D:
    Version:  Direct3D 11.0 [level 11.1]
    Renderer: NVIDIA GeForce RTX 2060 (ID=0x1f11)
    Vendor:   
    VRAM:     5980 MB
    Driver:   27.21.14.6627
Initialize mono
Mono path[0] = 'C:/Program Files/Unity/Hub/Editor/2020.3.1f1/Editor/Data/Managed'
Mono path[1] = 'C:/Program Files/Unity/Hub/Editor/2020.3.1f1/Editor/Data/MonoBleedingEdge/lib/mono/unityjit'
Mono config path = 'C:/Program Files/Unity/Hub/Editor/2020.3.1f1/Editor/Data/MonoBleedingEdge/etc'
Using monoOptions --debugger-agent=transport=dt_socket,embedding=1,server=y,suspend=n,address=127.0.0.1:56740
Begin MonoManager ReloadAssembly
Registering precompiled unity dll's ...
Register platform support module: C:/Program Files/Unity/Hub/Editor/2020.3.1f1/Editor/Data/PlaybackEngines/WindowsStandaloneSupport/UnityEditor.WindowsStandalone.Extensions.dll
Registered in 0.002016 seconds.
Native extension for WindowsStandalone target not found
Refreshing native plugins compatible for Editor in 24.33 ms, found 0 plugins.
Preloading 0 native plugins for Editor in 0.00 ms.
Invoked RoslynAnalysisRunner static constructor.
RoslynAnalysisRunner will not be running.
RoslynAnalysisRunner has terminated.
Mono: successfully reloaded assembly
- Completed reload, in  1.068 seconds
Platform modules already initialized, skipping
Registering precompiled user dll's ...
Registered in 0.000665 seconds.
Begin MonoManager ReloadAssembly
Native extension for WindowsStandalone target not found
Refreshing native plugins compatible for Editor in 0.20 ms, found 0 plugins.
Preloading 0 native plugins for Editor in 0.00 ms.
Invoked RoslynAnalysisRunner static constructor.
RoslynAnalysisRunner will not be running.
RoslynAnalysisRunner has terminated.
Mono: successfully reloaded assembly
- Completed reload, in  0.814 seconds
Platform modules already initialized, skipping
========================================================================
Worker process is ready to serve import requests
Launched and connected shader compiler UnityShaderCompiler.exe after 0.05 seconds
Refreshing native plugins compatible for Editor in 0.21 ms, found 0 plugins.
Preloading 0 native plugins for Editor in 0.00 ms.
Unloading 1161 Unused Serialized files (Serialized files now loaded: 0)
System memory in use before: 59.7 MB.
System memory in use after: 59.8 MB.

Unloading 10 unused Assets to reduce memory usage. Loaded Objects now: 1604.
Total: 1.549700 ms (FindLiveObjects: 0.128300 ms CreateObjectMapping: 0.035400 ms MarkObjects: 1.308800 ms  DeleteObjects: 0.075900 ms)

========================================================================
Received Import Request.
  path: Assets/Scripts/RecipePicker.cs
  artifactKey: Guid(e0ee5493fff441544b4bd41039ae6475) Importer(815301076,1909f56bfc062723c751e8b465ee728b)
Start importing Assets/Scripts/RecipePicker.cs using Guid(e0ee5493fff441544b4bd41039ae6475) Importer(815301076,1909f56bfc062723c751e8b465ee728b)  -> (artifact id: 'faac4982ff9272bf3d4036cea4662b66') in 0.033863 seconds
  Import took 0.035753 seconds .

========================================================================
Received Import Request.
  Time since last request: 84.127894 seconds.
  path: Assets/Scripts/RecipePicker.cs
  artifactKey: Guid(e0ee5493fff441544b4bd41039ae6475) Importer(815301076,1909f56bfc062723c751e8b465ee728b)
Start importing Assets/Scripts/RecipePicker.cs using Guid(e0ee5493fff441544b4bd41039ae6475) Importer(815301076,1909f56bfc062723c751e8b465ee728b)  -> (artifact id: '3e501afe1e413cd0bed2ba376ff2587a') in 0.004127 seconds
  Import took 0.007268 seconds .

========================================================================
Received Import Request.
  Time since last request: 88.189488 seconds.
  path: Assets/Scripts/RecipePicker.cs
  artifactKey: Guid(e0ee5493fff441544b4bd41039ae6475) Importer(815301076,1909f56bfc062723c751e8b465ee728b)
Start importing Assets/Scripts/RecipePicker.cs using Guid(e0ee5493fff441544b4bd41039ae6475) Importer(815301076,1909f56bfc062723c751e8b465ee728b)  -> (artifact id: 'e68d558989ea83c09a01616540d1a39a') in 0.013462 seconds
  Import took 0.017790 seconds .

========================================================================
Received Import Request.
  Time since last request: 0.155705 seconds.
  path: Assets/Scripts/RecipePicker.cs
  artifactKey: Guid(e0ee5493fff441544b4bd41039ae6475) Importer(815301076,1909f56bfc062723c751e8b465ee728b)
Start importing Assets/Scripts/RecipePicker.cs using Guid(e0ee5493fff441544b4bd41039ae6475) Importer(815301076,1909f56bfc062723c751e8b465ee728b)  -> (artifact id: 'e68d558989ea83c09a01616540d1a39a') in 0.005840 seconds
  Import took 0.009146 seconds .

========================================================================
Received Import Request.
  Time since last request: 80.331460 seconds.
  path: Assets/Scripts/RecipePicker.cs
  artifactKey: Guid(e0ee5493fff441544b4bd41039ae6475) Importer(815301076,1909f56bfc062723c751e8b465ee728b)
Start importing Assets/Scripts/RecipePicker.cs using Guid(e0ee5493fff441544b4bd41039ae6475) Importer(815301076,1909f56bfc062723c751e8b465ee728b)  -> (artifact id: 'afd696d9d276dfbe368236bb860d7b09') in 0.002826 seconds
  Import took 0.005378 seconds .

========================================================================
Received Import Request.
  Time since last request: 274.905252 seconds.
  path: Assets/Scripts/RecipePicker.cs
  artifactKey: Guid(e0ee5493fff441544b4bd41039ae6475) Importer(815301076,1909f56bfc062723c751e8b465ee728b)
Start importing Assets/Scripts/RecipePicker.cs using Guid(e0ee5493fff441544b4bd41039ae6475) Importer(815301076,1909f56bfc062723c751e8b465ee728b)  -> (artifact id: '38e398f54728dec1ef27123076bdad66') in 0.004744 seconds
  Import took 0.008523 seconds .

========================================================================
Received Import Request.
  Time since last request: 116.414360 seconds.
  path: Assets/Scripts/RecipePicker.cs
  artifactKey: Guid(e0ee5493fff441544b4bd41039ae6475) Importer(815301076,1909f56bfc062723c751e8b465ee728b)
Start importing Assets/Scripts/RecipePicker.cs using Guid(e0ee5493fff441544b4bd41039ae6475) Importer(815301076,1909f56bfc062723c751e8b465ee728b)  -> (artifact id: 'dfb35c16f79bb320909391373376f827') in 0.005371 seconds
  Import took 0.007911 seconds .

========================================================================
Received Import Request.
  Time since last request: 683.564566 seconds.
  path: Assets/Scripts/RecipePicker.cs
  artifactKey: Guid(e0ee5493fff441544b4bd41039ae6475) Importer(815301076,1909f56bfc062723c751e8b465ee728b)
Start importing Assets/Scripts/RecipePicker.cs using Guid(e0ee5493fff441544b4bd41039ae6475) Importer(815301076,1909f56bfc062723c751e8b465ee728b)  -> (artifact id: '4d04f53f29525831a14a07e5623f584a') in 0.002900 seconds
  Import took 0.006173 seconds .

========================================================================
Received Import Request.
  Time since last request: 591.582932 seconds.
  path: Assets/Scripts/RecipePicker.cs
  artifactKey: Guid(e0ee5493fff441544b4bd41039ae6475) Importer(815301076,1909f56bfc062723c751e8b465ee728b)
Start importing Assets/Scripts/RecipePicker.cs using Guid(e0ee5493fff441544b4bd41039ae6475) Importer(815301076,1909f56bfc062723c751e8b465ee728b)  -> (artifact id: '18d35d28f2293a68ebbd7031e54c148b') in 0.003146 seconds
  Import took 0.006991 seconds .

========================================================================
Received Import Request.
  Time since last request: 377.871036 seconds.
  path: Assets/Scripts/RecipePicker.cs
  artifactKey: Guid(e0ee5493fff441544b4bd41039ae6475) Importer(815301076,1909f56bfc062723c751e8b465ee728b)
Start importing Assets/Scripts/RecipePicker.cs using Guid(e0ee5493fff441544b4bd41039ae6475) Importer(815301076,1909f56bfc062723c751e8b465ee728b)  -> (artifact id: '7d1431de2478804b6503e3bfa88c97de') in 0.003441 seconds
  Import took 0.008878 seconds .

========================================================================
Received Prepare
Registering precompiled user dll's ...
Registered in 0.000702 seconds.
Begin MonoManager ReloadAssembly
Native extension for WindowsStandalone target not found
Refreshing native plugins compatible for Editor in 0.22 ms, found 0 plugins.
Preloading 0 native plugins for Editor in 0.00 ms.
Invoked RoslynAnalysisRunner static constructor.
RoslynAnalysisRunner will not be running.
RoslynAnalysisRunner has terminated.
Mono: successfully reloaded assembly
- Completed reload, in  0.855 seconds
Platform modules already initialized, skipping
Refreshing native plugins compatible for Editor in 0.21 ms, found 0 plugins.
Preloading 0 native plugins for Editor in 0.00 ms.
Unloading 1143 Unused Serialized files (Serialized files now loaded: 0)
System memory in use before: 58.7 MB.
System memory in use after: 58.7 MB.

Unloading 5 unused Assets to reduce memory usage. Loaded Objects now: 1607.
Total: 2.297200 ms (FindLiveObjects: 0.145300 ms CreateObjectMapping: 0.037700 ms MarkObjects: 2.015400 ms  DeleteObjects: 0.097400 ms)

========================================================================
Received Import Request.
  Time since last request: 640.114519 seconds.
  path: Assets/Scripts/RecipePicker.cs
  artifactKey: Guid(e0ee5493fff441544b4bd41039ae6475) Importer(815301076,1909f56bfc062723c751e8b465ee728b)
Start importing Assets/Scripts/RecipePicker.cs using Guid(e0ee5493fff441544b4bd41039ae6475) Importer(815301076,1909f56bfc062723c751e8b465ee728b)  -> (artifact id: '2ecf365f28fffcd1c52c285afba04ad5') in 0.015541 seconds
  Import took 0.018696 seconds .

========================================================================
Received Prepare
Registering precompiled user dll's ...
Registered in 0.001018 seconds.
Begin MonoManager ReloadAssembly
Native extension for WindowsStandalone target not found
Refreshing native plugins compatible for Editor in 0.25 ms, found 0 plugins.
Preloading 0 native plugins for Editor in 0.00 ms.
Invoked RoslynAnalysisRunner static constructor.
RoslynAnalysisRunner will not be running.
RoslynAnalysisRunner has terminated.
Mono: successfully reloaded assembly
- Completed reload, in  0.909 seconds
Platform modules already initialized, skipping
Refreshing native plugins compatible for Editor in 0.30 ms, found 0 plugins.
Preloading 0 native plugins for Editor in 0.00 ms.
Unloading 1143 Unused Serialized files (Serialized files now loaded: 0)
System memory in use before: 58.7 MB.
System memory in use after: 58.8 MB.

Unloading 5 unused Assets to reduce memory usage. Loaded Objects now: 1610.
Total: 1.670900 ms (FindLiveObjects: 0.144100 ms CreateObjectMapping: 0.037000 ms MarkObjects: 1.419300 ms  DeleteObjects: 0.068800 ms)

========================================================================
Received Import Request.
  Time since last request: 29.622215 seconds.
  path: Assets/Scripts/RecipePicker.cs
  artifactKey: Guid(e0ee5493fff441544b4bd41039ae6475) Importer(815301076,1909f56bfc062723c751e8b465ee728b)
Start importing Assets/Scripts/RecipePicker.cs using Guid(e0ee5493fff441544b4bd41039ae6475) Importer(815301076,1909f56bfc062723c751e8b465ee728b)  -> (artifact id: 'a683b669311c2406f2f5f41cc160e56a') in 0.009445 seconds
  Import took 0.011329 seconds .

========================================================================
Received Prepare
Registering precompiled user dll's ...
Registered in 0.000692 seconds.
Begin MonoManager ReloadAssembly
Native extension for WindowsStandalone target not found
Refreshing native plugins compatible for Editor in 0.22 ms, found 0 plugins.
Preloading 0 native plugins for Editor in 0.00 ms.
Invoked RoslynAnalysisRunner static constructor.
RoslynAnalysisRunner will not be running.
RoslynAnalysisRunner has terminated.
Mono: successfully reloaded assembly
- Completed reload, in  0.771 seconds
Platform modules already initialized, skipping
Refreshing native plugins compatible for Editor in 0.20 ms, found 0 plugins.
Preloading 0 native plugins for Editor in 0.00 ms.
Unloading 1143 Unused Serialized files (Serialized files now loaded: 0)
System memory in use before: 58.7 MB.
System memory in use after: 58.8 MB.

Unloading 5 unused Assets to reduce memory usage. Loaded Objects now: 1613.
Total: 2.376600 ms (FindLiveObjects: 0.215200 ms CreateObjectMapping: 0.074900 ms MarkObjects: 2.004200 ms  DeleteObjects: 0.080900 ms)

========================================================================
Received Prepare
Registering precompiled user dll's ...
Registered in 0.000684 seconds.
Begin MonoManager ReloadAssembly
Native extension for WindowsStandalone target not found
Refreshing native plugins compatible for Editor in 0.22 ms, found 0 plugins.
Preloading 0 native plugins for Editor in 0.00 ms.
Invoked RoslynAnalysisRunner static constructor.
RoslynAnalysisRunner will not be running.
RoslynAnalysisRunner has terminated.
Mono: successfully reloaded assembly
- Completed reload, in  0.772 seconds
Platform modules already initialized, skipping
Refreshing native plugins compatible for Editor in 0.21 ms, found 0 plugins.
Preloading 0 native plugins for Editor in 0.00 ms.
Unloading 1143 Unused Serialized files (Serialized files now loaded: 0)
System memory in use before: 58.7 MB.
System memory in use after: 58.8 MB.

Unloading 5 unused Assets to reduce memory usage. Loaded Objects now: 1616.
Total: 1.740000 ms (FindLiveObjects: 0.144700 ms CreateObjectMapping: 0.040200 ms MarkObjects: 1.501700 ms  DeleteObjects: 0.051000 ms)

========================================================================
Received Prepare
Registering precompiled user dll's ...
Registered in 0.000711 seconds.
Begin MonoManager ReloadAssembly
Native extension for WindowsStandalone target not found
Refreshing native plugins compatible for Editor in 0.20 ms, found 0 plugins.
Preloading 0 native plugins for Editor in 0.00 ms.
Invoked RoslynAnalysisRunner static constructor.
RoslynAnalysisRunner will not be running.
RoslynAnalysisRunner has terminated.
Mono: successfully reloaded assembly
- Completed reload, in  0.814 seconds
Platform modules already initialized, skipping
Refreshing native plugins compatible for Editor in 0.28 ms, found 0 plugins.
Preloading 0 native plugins for Editor in 0.00 ms.
Unloading 1143 Unused Serialized files (Serialized files now loaded: 0)
System memory in use before: 58.7 MB.
System memory in use after: 58.8 MB.

Unloading 5 unused Assets to reduce memory usage. Loaded Objects now: 1619.
Total: 1.726500 ms (FindLiveObjects: 0.234100 ms CreateObjectMapping: 0.081500 ms MarkObjects: 1.357600 ms  DeleteObjects: 0.051300 ms)

========================================================================
Received Prepare
Registering precompiled user dll's ...
Registered in 0.000794 seconds.
Begin MonoManager ReloadAssembly
Native extension for WindowsStandalone target not found
Refreshing native plugins compatible for Editor in 0.27 ms, found 0 plugins.
Preloading 0 native plugins for Editor in 0.00 ms.
Invoked RoslynAnalysisRunner static constructor.
RoslynAnalysisRunner will not be running.
RoslynAnalysisRunner has terminated.
Mono: successfully reloaded assembly
- Completed reload, in  0.886 seconds
Platform modules already initialized, skipping
Refreshing native plugins compatible for Editor in 0.22 ms, found 0 plugins.
Preloading 0 native plugins for Editor in 0.00 ms.
Unloading 1143 Unused Serialized files (Serialized files now loaded: 0)
System memory in use before: 58.7 MB.
System memory in use after: 58.8 MB.

Unloading 5 unused Assets to reduce memory usage. Loaded Objects now: 1622.
Total: 1.899800 ms (FindLiveObjects: 0.189800 ms CreateObjectMapping: 0.054100 ms MarkObjects: 1.591400 ms  DeleteObjects: 0.063500 ms)

AssetImportWorkerClient::OnTransportError - code=2 error=End of file
