Using pre-set license
Built from '2020.3/release' branch; Version is '2020.3.1f1 (77a89f25062f) revision 7841951'; Using compiler version '192528614'; Build Type 'Release'
OS: 'Windows 10 Home; OS build 19042.985; Version 2009; 64bit' Language: 'nl' Physical Memory: 16228 MB
BatchMode: 1, IsHumanControllingUs: 0, StartBugReporterOnCrash: 0, Is64bit: 1, IsPro: 0

 COMMAND LINE ARGUMENTS:
C:\Program Files\Unity\Hub\Editor\2020.3.1f1\Editor\Unity.exe
-adb2
-batchMode
-noUpm
-name
AssetImportWorker0
-projectPath
D:/Unity/Jaar 2/wat-eten-wij-ThomFolst/New Unity Project
-logFile
Logs/AssetImportWorker0.log
-srvPort
50648
Successfully changed project path to: D:/Unity/Jaar 2/wat-eten-wij-ThomFolst/New Unity Project
D:/Unity/Jaar 2/wat-eten-wij-ThomFolst/New Unity Project
Using Asset Import Pipeline V2.
Refreshing native plugins compatible for Editor in 23.28 ms, found 0 plugins.
Preloading 0 native plugins for Editor in 0.00 ms.
Initialize engine version: 2020.3.1f1 (77a89f25062f)
[Subsystems] Discovering subsystems at path C:/Program Files/Unity/Hub/Editor/2020.3.1f1/Editor/Data/Resources/UnitySubsystems
[Subsystems] Discovering subsystems at path D:/Unity/Jaar 2/wat-eten-wij-ThomFolst/New Unity Project/Assets
GfxDevice: creating device client; threaded=0
Direct3D:
    Version:  Direct3D 11.0 [level 11.1]
    Renderer: NVIDIA GeForce RTX 2060 (ID=0x1f11)
    Vendor:   
    VRAM:     5980 MB
    Driver:   27.21.14.6627
Initialize mono
Mono path[0] = 'C:/Program Files/Unity/Hub/Editor/2020.3.1f1/Editor/Data/Managed'
Mono path[1] = 'C:/Program Files/Unity/Hub/Editor/2020.3.1f1/Editor/Data/MonoBleedingEdge/lib/mono/unityjit'
Mono config path = 'C:/Program Files/Unity/Hub/Editor/2020.3.1f1/Editor/Data/MonoBleedingEdge/etc'
Using monoOptions --debugger-agent=transport=dt_socket,embedding=1,server=y,suspend=n,address=127.0.0.1:56128
Begin MonoManager ReloadAssembly
Registering precompiled unity dll's ...
Register platform support module: C:/Program Files/Unity/Hub/Editor/2020.3.1f1/Editor/Data/PlaybackEngines/WindowsStandaloneSupport/UnityEditor.WindowsStandalone.Extensions.dll
Registered in 0.002047 seconds.
Native extension for WindowsStandalone target not found
Refreshing native plugins compatible for Editor in 21.31 ms, found 0 plugins.
Preloading 0 native plugins for Editor in 0.00 ms.
Invoked RoslynAnalysisRunner static constructor.
RoslynAnalysisRunner will not be running.
RoslynAnalysisRunner has terminated.
Mono: successfully reloaded assembly
- Completed reload, in  1.107 seconds
Platform modules already initialized, skipping
Registering precompiled user dll's ...
Registered in 0.000648 seconds.
Begin MonoManager ReloadAssembly
Native extension for WindowsStandalone target not found
Refreshing native plugins compatible for Editor in 0.18 ms, found 0 plugins.
Preloading 0 native plugins for Editor in 0.00 ms.
Invoked RoslynAnalysisRunner static constructor.
RoslynAnalysisRunner will not be running.
RoslynAnalysisRunner has terminated.
Mono: successfully reloaded assembly
- Completed reload, in  0.772 seconds
Platform modules already initialized, skipping
========================================================================
Worker process is ready to serve import requests
Launched and connected shader compiler UnityShaderCompiler.exe after 0.05 seconds
Refreshing native plugins compatible for Editor in 0.20 ms, found 0 plugins.
Preloading 0 native plugins for Editor in 0.00 ms.
Unloading 1113 Unused Serialized files (Serialized files now loaded: 0)
System memory in use before: 56.9 MB.
System memory in use after: 56.9 MB.

Unloading 10 unused Assets to reduce memory usage. Loaded Objects now: 1555.
Total: 1.671000 ms (FindLiveObjects: 0.163700 ms CreateObjectMapping: 0.052400 ms MarkObjects: 1.380200 ms  DeleteObjects: 0.073600 ms)

========================================================================
Received Import Request.
  path: Assets
  artifactKey: Guid(00000000000000001000000000000000) Importer(815301076,1909f56bfc062723c751e8b465ee728b)
Start importing Assets using Guid(00000000000000001000000000000000) Importer(815301076,1909f56bfc062723c751e8b465ee728b)  -> (artifact id: 'a6374019befeac6ce670f13ba9960efb') in 0.009664 seconds
  Import took 0.113996 seconds .

========================================================================
Received Import Request.
  Time since last request: 0.778614 seconds.
  path: Assets/NewBehaviourScript.cs
  artifactKey: Guid(188bb628166ebfe41b7894369d57486c) Importer(815301076,1909f56bfc062723c751e8b465ee728b)
Start importing Assets/NewBehaviourScript.cs using Guid(188bb628166ebfe41b7894369d57486c) Importer(815301076,1909f56bfc062723c751e8b465ee728b)  -> (artifact id: '802522710546399e453d60d98d8a0aba') in 0.029987 seconds
  Import took 0.122459 seconds .

========================================================================
Received Prepare
Registering precompiled user dll's ...
Registered in 0.000894 seconds.
Begin MonoManager ReloadAssembly
Native extension for WindowsStandalone target not found
Refreshing native plugins compatible for Editor in 0.19 ms, found 0 plugins.
Preloading 0 native plugins for Editor in 0.00 ms.
Invoked RoslynAnalysisRunner static constructor.
RoslynAnalysisRunner will not be running.
RoslynAnalysisRunner has terminated.
Mono: successfully reloaded assembly
- Completed reload, in  0.731 seconds
Platform modules already initialized, skipping
Refreshing native plugins compatible for Editor in 0.20 ms, found 0 plugins.
Preloading 0 native plugins for Editor in 0.00 ms.
Unloading 1109 Unused Serialized files (Serialized files now loaded: 0)
System memory in use before: 56.8 MB.
System memory in use after: 56.9 MB.

Unloading 5 unused Assets to reduce memory usage. Loaded Objects now: 1559.
Total: 1.597900 ms (FindLiveObjects: 0.158400 ms CreateObjectMapping: 0.045900 ms MarkObjects: 1.341500 ms  DeleteObjects: 0.050500 ms)

========================================================================
Received Prepare
Registering precompiled user dll's ...
Registered in 0.000639 seconds.
Begin MonoManager ReloadAssembly
Native extension for WindowsStandalone target not found
Refreshing native plugins compatible for Editor in 0.19 ms, found 0 plugins.
Preloading 0 native plugins for Editor in 0.00 ms.
Invoked RoslynAnalysisRunner static constructor.
RoslynAnalysisRunner will not be running.
RoslynAnalysisRunner has terminated.
Mono: successfully reloaded assembly
- Completed reload, in  0.775 seconds
Platform modules already initialized, skipping
Refreshing native plugins compatible for Editor in 0.19 ms, found 0 plugins.
Preloading 0 native plugins for Editor in 0.00 ms.
Unloading 1108 Unused Serialized files (Serialized files now loaded: 0)
System memory in use before: 56.8 MB.
System memory in use after: 56.9 MB.

Unloading 6 unused Assets to reduce memory usage. Loaded Objects now: 1561.
Total: 1.668900 ms (FindLiveObjects: 0.126600 ms CreateObjectMapping: 0.034800 ms MarkObjects: 1.458400 ms  DeleteObjects: 0.048000 ms)

========================================================================
Received Import Request.
  Time since last request: 15.523806 seconds.
  path: Assets/Scripts
  artifactKey: Guid(70403657c930c204986b8f693e5c743b) Importer(815301076,1909f56bfc062723c751e8b465ee728b)
Start importing Assets/Scripts using Guid(70403657c930c204986b8f693e5c743b) Importer(815301076,1909f56bfc062723c751e8b465ee728b)  -> (artifact id: 'acc66bf4848411488bf578fd46bdf530') in 0.012424 seconds
  Import took 0.162049 seconds .

========================================================================
Received Import Request.
  Time since last request: 1.052761 seconds.
  path: Assets/Scenes
  artifactKey: Guid(26a46ab746d6ea14b8b45e56fd5e3bbe) Importer(815301076,1909f56bfc062723c751e8b465ee728b)
Start importing Assets/Scenes using Guid(26a46ab746d6ea14b8b45e56fd5e3bbe) Importer(815301076,1909f56bfc062723c751e8b465ee728b)  -> (artifact id: '528b22fa0e62be08798aebcfc6c74422') in 0.009735 seconds
  Import took 0.012283 seconds .

========================================================================
Received Import Request.
  Time since last request: 0.000546 seconds.
  path: Assets/Scenes
  artifactKey: Guid(26a46ab746d6ea14b8b45e56fd5e3bbe) Importer(815301076,1909f56bfc062723c751e8b465ee728b)
Start importing Assets/Scenes using Guid(26a46ab746d6ea14b8b45e56fd5e3bbe) Importer(815301076,1909f56bfc062723c751e8b465ee728b)  -> (artifact id: '528b22fa0e62be08798aebcfc6c74422') in 0.001999 seconds
  Import took 0.045111 seconds .

========================================================================
Received Import Request.
  Time since last request: 16.021861 seconds.
  path: Assets/Scripts/RecipePicker.cs
  artifactKey: Guid(e0ee5493fff441544b4bd41039ae6475) Importer(815301076,1909f56bfc062723c751e8b465ee728b)
Start importing Assets/Scripts/RecipePicker.cs using Guid(e0ee5493fff441544b4bd41039ae6475) Importer(815301076,1909f56bfc062723c751e8b465ee728b)  -> (artifact id: 'fa6db77a21ddebdbd646a424cada3302') in 0.009239 seconds
  Import took 0.062703 seconds .

========================================================================
Received Prepare
Registering precompiled user dll's ...
Registered in 0.000660 seconds.
Begin MonoManager ReloadAssembly
Native extension for WindowsStandalone target not found
Refreshing native plugins compatible for Editor in 0.21 ms, found 0 plugins.
Preloading 0 native plugins for Editor in 0.00 ms.
Invoked RoslynAnalysisRunner static constructor.
RoslynAnalysisRunner will not be running.
RoslynAnalysisRunner has terminated.
Mono: successfully reloaded assembly
- Completed reload, in  0.784 seconds
Platform modules already initialized, skipping
Refreshing native plugins compatible for Editor in 0.31 ms, found 0 plugins.
Preloading 0 native plugins for Editor in 0.00 ms.
Unloading 1109 Unused Serialized files (Serialized files now loaded: 0)
System memory in use before: 56.9 MB.
System memory in use after: 56.9 MB.

Unloading 5 unused Assets to reduce memory usage. Loaded Objects now: 1565.
Total: 2.096800 ms (FindLiveObjects: 0.224100 ms CreateObjectMapping: 0.076000 ms MarkObjects: 1.745200 ms  DeleteObjects: 0.050400 ms)

========================================================================
Received Import Request.
  Time since last request: 59.938814 seconds.
  path: Assets/Scripts/RecipePicker.cs
  artifactKey: Guid(e0ee5493fff441544b4bd41039ae6475) Importer(815301076,1909f56bfc062723c751e8b465ee728b)
Start importing Assets/Scripts/RecipePicker.cs using Guid(e0ee5493fff441544b4bd41039ae6475) Importer(815301076,1909f56bfc062723c751e8b465ee728b)  -> (artifact id: 'b662d035fcb8dbfd663713df2925d186') in 0.013337 seconds
  Import took 0.147183 seconds .

========================================================================
Received Import Request.
  Time since last request: 0.112972 seconds.
  path: Assets/Scripts/RecipePicker.cs
  artifactKey: Guid(e0ee5493fff441544b4bd41039ae6475) Importer(815301076,1909f56bfc062723c751e8b465ee728b)
Start importing Assets/Scripts/RecipePicker.cs using Guid(e0ee5493fff441544b4bd41039ae6475) Importer(815301076,1909f56bfc062723c751e8b465ee728b)  -> (artifact id: 'b662d035fcb8dbfd663713df2925d186') in 0.004920 seconds
  Import took 0.008163 seconds .

========================================================================
Received Import Request.
  Time since last request: 32.961946 seconds.
  path: Assets/Scripts/RecipePicker.cs
  artifactKey: Guid(e0ee5493fff441544b4bd41039ae6475) Importer(815301076,1909f56bfc062723c751e8b465ee728b)
Start importing Assets/Scripts/RecipePicker.cs using Guid(e0ee5493fff441544b4bd41039ae6475) Importer(815301076,1909f56bfc062723c751e8b465ee728b)  -> (artifact id: '4cfa033309f7ea7cf8da5a8059720d72') in 0.003229 seconds
  Import took 0.007671 seconds .

========================================================================
Received Prepare
Registering precompiled user dll's ...
Registered in 0.000706 seconds.
Begin MonoManager ReloadAssembly
Native extension for WindowsStandalone target not found
Refreshing native plugins compatible for Editor in 0.24 ms, found 0 plugins.
Preloading 0 native plugins for Editor in 0.00 ms.
Invoked RoslynAnalysisRunner static constructor.
RoslynAnalysisRunner will not be running.
RoslynAnalysisRunner has terminated.
Mono: successfully reloaded assembly
- Completed reload, in  0.869 seconds
Platform modules already initialized, skipping
Refreshing native plugins compatible for Editor in 0.26 ms, found 0 plugins.
Preloading 0 native plugins for Editor in 0.00 ms.
Unloading 1109 Unused Serialized files (Serialized files now loaded: 0)
System memory in use before: 56.9 MB.
System memory in use after: 56.9 MB.

Unloading 5 unused Assets to reduce memory usage. Loaded Objects now: 1568.
Total: 1.775400 ms (FindLiveObjects: 0.133700 ms CreateObjectMapping: 0.036100 ms MarkObjects: 1.558800 ms  DeleteObjects: 0.045600 ms)

========================================================================
Received Import Request.
  Time since last request: 39.154410 seconds.
  path: Assets/Scripts/RecipePicker.cs
  artifactKey: Guid(e0ee5493fff441544b4bd41039ae6475) Importer(815301076,1909f56bfc062723c751e8b465ee728b)
Start importing Assets/Scripts/RecipePicker.cs using Guid(e0ee5493fff441544b4bd41039ae6475) Importer(815301076,1909f56bfc062723c751e8b465ee728b)  -> (artifact id: '3b07b189ed80669fa7d7ba0ae664d130') in 0.007290 seconds
  Import took 0.137771 seconds .

========================================================================
Received Prepare
Registering precompiled user dll's ...
Registered in 0.000642 seconds.
Begin MonoManager ReloadAssembly
Native extension for WindowsStandalone target not found
Refreshing native plugins compatible for Editor in 0.20 ms, found 0 plugins.
Preloading 0 native plugins for Editor in 0.00 ms.
Invoked RoslynAnalysisRunner static constructor.
RoslynAnalysisRunner will not be running.
RoslynAnalysisRunner has terminated.
Mono: successfully reloaded assembly
- Completed reload, in  0.790 seconds
Platform modules already initialized, skipping
Refreshing native plugins compatible for Editor in 0.19 ms, found 0 plugins.
Preloading 0 native plugins for Editor in 0.00 ms.
Unloading 1109 Unused Serialized files (Serialized files now loaded: 0)
System memory in use before: 56.9 MB.
System memory in use after: 57.0 MB.

Unloading 5 unused Assets to reduce memory usage. Loaded Objects now: 1571.
Total: 1.844300 ms (FindLiveObjects: 0.137400 ms CreateObjectMapping: 0.040100 ms MarkObjects: 1.618100 ms  DeleteObjects: 0.047600 ms)

========================================================================
Received Import Request.
  Time since last request: 272.225899 seconds.
  path: Assets/Scripts/2uzg7-0PT0MTSAEBF-Full-Image_GalleryBackground-en-US-1588088456319._SX1080_.jpg
  artifactKey: Guid(166e6f106fb6db4408b56967263cab32) Importer(815301076,1909f56bfc062723c751e8b465ee728b)
Start importing Assets/Scripts/2uzg7-0PT0MTSAEBF-Full-Image_GalleryBackground-en-US-1588088456319._SX1080_.jpg using Guid(166e6f106fb6db4408b56967263cab32) Importer(815301076,1909f56bfc062723c751e8b465ee728b)  -> (artifact id: '6c2f176af1a68ee9c74da34ef844f6c2') in 0.067568 seconds
  Import took 0.273038 seconds .

========================================================================
Received Import Request.
  Time since last request: 6.922798 seconds.
  path: Assets/Scripts/2uzg7-0PT0MTSAEBF-Full-Image_GalleryBackground-en-US-1588088456319._SX1080_.jpg
  artifactKey: Guid(166e6f106fb6db4408b56967263cab32) Importer(815301076,1909f56bfc062723c751e8b465ee728b)
Start importing Assets/Scripts/2uzg7-0PT0MTSAEBF-Full-Image_GalleryBackground-en-US-1588088456319._SX1080_.jpg using Guid(166e6f106fb6db4408b56967263cab32) Importer(815301076,1909f56bfc062723c751e8b465ee728b)  -> (artifact id: '9d27d827a0a680e243665cc3286bc62d') in 0.064174 seconds
  Import took 0.067705 seconds .

========================================================================
Received Prepare
Registering precompiled user dll's ...
Registered in 0.000760 seconds.
Begin MonoManager ReloadAssembly
Native extension for WindowsStandalone target not found
Refreshing native plugins compatible for Editor in 0.31 ms, found 0 plugins.
Preloading 0 native plugins for Editor in 0.00 ms.
Invoked RoslynAnalysisRunner static constructor.
RoslynAnalysisRunner will not be running.
RoslynAnalysisRunner has terminated.
Mono: successfully reloaded assembly
- Completed reload, in  0.896 seconds
Platform modules already initialized, skipping
Refreshing native plugins compatible for Editor in 0.24 ms, found 0 plugins.
Preloading 0 native plugins for Editor in 0.00 ms.
Unloading 1156 Unused Serialized files (Serialized files now loaded: 0)
System memory in use before: 62.6 MB.
System memory in use after: 62.0 MB.

Unloading 18 unused Assets to reduce memory usage. Loaded Objects now: 1615.
Total: 2.320200 ms (FindLiveObjects: 0.166600 ms CreateObjectMapping: 0.056100 ms MarkObjects: 1.816000 ms  DeleteObjects: 0.280200 ms)

========================================================================
Received Import Request.
  Time since last request: 1094.573291 seconds.
  path: Assets/Scripts/RecipePicker.cs
  artifactKey: Guid(e0ee5493fff441544b4bd41039ae6475) Importer(815301076,1909f56bfc062723c751e8b465ee728b)
Start importing Assets/Scripts/RecipePicker.cs using Guid(e0ee5493fff441544b4bd41039ae6475) Importer(815301076,1909f56bfc062723c751e8b465ee728b)  -> (artifact id: 'ea3a92063fbf58c1d534e3bca901646a') in 0.017119 seconds
  Import took 0.029523 seconds .

========================================================================
Received Import Request.
  Time since last request: 0.185898 seconds.
  path: Assets/Scripts/RecipePicker.cs
  artifactKey: Guid(e0ee5493fff441544b4bd41039ae6475) Importer(815301076,1909f56bfc062723c751e8b465ee728b)
Start importing Assets/Scripts/RecipePicker.cs using Guid(e0ee5493fff441544b4bd41039ae6475) Importer(815301076,1909f56bfc062723c751e8b465ee728b)  -> (artifact id: 'ea3a92063fbf58c1d534e3bca901646a') in 0.003939 seconds
  Import took 0.007561 seconds .

========================================================================
Received Import Request.
  Time since last request: 20.238052 seconds.
  path: Assets/Scripts/RecipePicker.cs
  artifactKey: Guid(e0ee5493fff441544b4bd41039ae6475) Importer(815301076,1909f56bfc062723c751e8b465ee728b)
Start importing Assets/Scripts/RecipePicker.cs using Guid(e0ee5493fff441544b4bd41039ae6475) Importer(815301076,1909f56bfc062723c751e8b465ee728b)  -> (artifact id: '36408a27808e2cbbaefc932b65842dc1') in 0.009724 seconds
  Import took 0.020875 seconds .

========================================================================
Received Import Request.
  Time since last request: 25.621463 seconds.
  path: Assets/Scripts/RecipePicker.cs
  artifactKey: Guid(e0ee5493fff441544b4bd41039ae6475) Importer(815301076,1909f56bfc062723c751e8b465ee728b)
Start importing Assets/Scripts/RecipePicker.cs using Guid(e0ee5493fff441544b4bd41039ae6475) Importer(815301076,1909f56bfc062723c751e8b465ee728b)  -> (artifact id: '9a8e700425b968507ac8b31ed53a5479') in 0.004537 seconds
  Import took 0.008105 seconds .

========================================================================
Received Import Request.
  Time since last request: 47.763181 seconds.
  path: Assets/Scripts/RecipePicker.cs
  artifactKey: Guid(e0ee5493fff441544b4bd41039ae6475) Importer(815301076,1909f56bfc062723c751e8b465ee728b)
Start importing Assets/Scripts/RecipePicker.cs using Guid(e0ee5493fff441544b4bd41039ae6475) Importer(815301076,1909f56bfc062723c751e8b465ee728b)  -> (artifact id: '8b369066c96dd4462d2299e07123afce') in 0.004081 seconds
  Import took 0.006990 seconds .

========================================================================
Received Import Request.
  Time since last request: 46.412966 seconds.
  path: Assets/Scripts/RecipePicker.cs
  artifactKey: Guid(e0ee5493fff441544b4bd41039ae6475) Importer(815301076,1909f56bfc062723c751e8b465ee728b)
Start importing Assets/Scripts/RecipePicker.cs using Guid(e0ee5493fff441544b4bd41039ae6475) Importer(815301076,1909f56bfc062723c751e8b465ee728b)  -> (artifact id: '94934db03d7c9a0d95a40856b6471c7c') in 0.005915 seconds
  Import took 0.012429 seconds .

========================================================================
Received Prepare
Registering precompiled user dll's ...
Registered in 0.000849 seconds.
Begin MonoManager ReloadAssembly
Native extension for WindowsStandalone target not found
Refreshing native plugins compatible for Editor in 0.24 ms, found 0 plugins.
Preloading 0 native plugins for Editor in 0.00 ms.
Invoked RoslynAnalysisRunner static constructor.
RoslynAnalysisRunner will not be running.
RoslynAnalysisRunner has terminated.
Mono: successfully reloaded assembly
- Completed reload, in  0.932 seconds
Platform modules already initialized, skipping
Refreshing native plugins compatible for Editor in 0.23 ms, found 0 plugins.
Preloading 0 native plugins for Editor in 0.00 ms.
Unloading 1156 Unused Serialized files (Serialized files now loaded: 0)
System memory in use before: 62.6 MB.
System memory in use after: 62.0 MB.

Unloading 18 unused Assets to reduce memory usage. Loaded Objects now: 1618.
Total: 1.916500 ms (FindLiveObjects: 0.154700 ms CreateObjectMapping: 0.042600 ms MarkObjects: 1.391400 ms  DeleteObjects: 0.326700 ms)

========================================================================
Received Prepare
Registering precompiled user dll's ...
Registered in 0.001035 seconds.
Begin MonoManager ReloadAssembly
Native extension for WindowsStandalone target not found
Refreshing native plugins compatible for Editor in 0.23 ms, found 0 plugins.
Preloading 0 native plugins for Editor in 0.00 ms.
Invoked RoslynAnalysisRunner static constructor.
RoslynAnalysisRunner will not be running.
RoslynAnalysisRunner has terminated.
Mono: successfully reloaded assembly
- Completed reload, in  0.942 seconds
Platform modules already initialized, skipping
Refreshing native plugins compatible for Editor in 0.25 ms, found 0 plugins.
Preloading 0 native plugins for Editor in 0.00 ms.
Unloading 1156 Unused Serialized files (Serialized files now loaded: 0)
System memory in use before: 62.6 MB.
System memory in use after: 62.0 MB.

Unloading 18 unused Assets to reduce memory usage. Loaded Objects now: 1621.
Total: 2.533300 ms (FindLiveObjects: 0.231500 ms CreateObjectMapping: 0.058200 ms MarkObjects: 1.842600 ms  DeleteObjects: 0.399500 ms)

========================================================================
Received Import Request.
  Time since last request: 407.831215 seconds.
  path: Assets/Scripts/wp2993670.jpg
  artifactKey: Guid(73d92ce186b9e1b4caae24f56d6b2209) Importer(815301076,1909f56bfc062723c751e8b465ee728b)
Start importing Assets/Scripts/wp2993670.jpg using Guid(73d92ce186b9e1b4caae24f56d6b2209) Importer(815301076,1909f56bfc062723c751e8b465ee728b)  -> (artifact id: '9b4369c2a328cbdb40bab9e0a6720351') in 0.050111 seconds
  Import took 0.053744 seconds .

========================================================================
Received Import Request.
  Time since last request: 6.125848 seconds.
  path: Assets/Scripts/wp2993670.jpg
  artifactKey: Guid(73d92ce186b9e1b4caae24f56d6b2209) Importer(815301076,1909f56bfc062723c751e8b465ee728b)
Start importing Assets/Scripts/wp2993670.jpg using Guid(73d92ce186b9e1b4caae24f56d6b2209) Importer(815301076,1909f56bfc062723c751e8b465ee728b)  -> (artifact id: 'd38c99f3d2218253ab4c1937d06bbc08') in 0.083601 seconds
  Import took 0.094198 seconds .

========================================================================
Received Import Request.
  Time since last request: 114.971255 seconds.
  path: Assets/IMG
  artifactKey: Guid(d605a72b9c210d7469868e486d676fd4) Importer(815301076,1909f56bfc062723c751e8b465ee728b)
Start importing Assets/IMG using Guid(d605a72b9c210d7469868e486d676fd4) Importer(815301076,1909f56bfc062723c751e8b465ee728b)  -> (artifact id: '2a0313cbe4bb907de06397d7df03b50b') in 0.011723 seconds
  Import took 0.014634 seconds .

========================================================================
Received Prepare
Registering precompiled user dll's ...
Registered in 0.000860 seconds.
Begin MonoManager ReloadAssembly
Native extension for WindowsStandalone target not found
Refreshing native plugins compatible for Editor in 0.51 ms, found 0 plugins.
Preloading 0 native plugins for Editor in 0.00 ms.
Invoked RoslynAnalysisRunner static constructor.
RoslynAnalysisRunner will not be running.
RoslynAnalysisRunner has terminated.
Mono: successfully reloaded assembly
- Completed reload, in  0.972 seconds
Platform modules already initialized, skipping
Refreshing native plugins compatible for Editor in 0.22 ms, found 0 plugins.
Preloading 0 native plugins for Editor in 0.00 ms.
Unloading 1156 Unused Serialized files (Serialized files now loaded: 0)
System memory in use before: 62.6 MB.
System memory in use after: 62.1 MB.

Unloading 18 unused Assets to reduce memory usage. Loaded Objects now: 1628.
Total: 2.847900 ms (FindLiveObjects: 0.369200 ms CreateObjectMapping: 0.138700 ms MarkObjects: 1.949200 ms  DeleteObjects: 0.389200 ms)

========================================================================
Received Prepare
Registering precompiled user dll's ...
Registered in 0.000844 seconds.
Begin MonoManager ReloadAssembly
Native extension for WindowsStandalone target not found
Refreshing native plugins compatible for Editor in 0.26 ms, found 0 plugins.
Preloading 0 native plugins for Editor in 0.00 ms.
Invoked RoslynAnalysisRunner static constructor.
RoslynAnalysisRunner will not be running.
RoslynAnalysisRunner has terminated.
Mono: successfully reloaded assembly
- Completed reload, in  0.917 seconds
Platform modules already initialized, skipping
Refreshing native plugins compatible for Editor in 0.24 ms, found 0 plugins.
Preloading 0 native plugins for Editor in 0.00 ms.
Unloading 1156 Unused Serialized files (Serialized files now loaded: 0)
System memory in use before: 62.6 MB.
System memory in use after: 62.1 MB.

Unloading 18 unused Assets to reduce memory usage. Loaded Objects now: 1631.
Total: 2.088100 ms (FindLiveObjects: 0.164200 ms CreateObjectMapping: 0.045500 ms MarkObjects: 1.543200 ms  DeleteObjects: 0.333900 ms)

========================================================================
Received Prepare
Registering precompiled user dll's ...
Registered in 0.000856 seconds.
Begin MonoManager ReloadAssembly
Native extension for WindowsStandalone target not found
Refreshing native plugins compatible for Editor in 0.22 ms, found 0 plugins.
Preloading 0 native plugins for Editor in 0.00 ms.
Invoked RoslynAnalysisRunner static constructor.
RoslynAnalysisRunner will not be running.
RoslynAnalysisRunner has terminated.
Mono: successfully reloaded assembly
- Completed reload, in  0.969 seconds
Platform modules already initialized, skipping
Refreshing native plugins compatible for Editor in 0.26 ms, found 0 plugins.
Preloading 0 native plugins for Editor in 0.00 ms.
Unloading 1156 Unused Serialized files (Serialized files now loaded: 0)
System memory in use before: 62.6 MB.
System memory in use after: 62.1 MB.

Unloading 18 unused Assets to reduce memory usage. Loaded Objects now: 1634.
Total: 2.108400 ms (FindLiveObjects: 0.210700 ms CreateObjectMapping: 0.063600 ms MarkObjects: 1.496200 ms  DeleteObjects: 0.336600 ms)

========================================================================
Received Prepare
Registering precompiled user dll's ...
Registered in 0.001005 seconds.
Begin MonoManager ReloadAssembly
Native extension for WindowsStandalone target not found
Refreshing native plugins compatible for Editor in 0.37 ms, found 0 plugins.
Preloading 0 native plugins for Editor in 0.00 ms.
Invoked RoslynAnalysisRunner static constructor.
RoslynAnalysisRunner will not be running.
RoslynAnalysisRunner has terminated.
Mono: successfully reloaded assembly
- Completed reload, in  1.368 seconds
Platform modules already initialized, skipping
Refreshing native plugins compatible for Editor in 0.24 ms, found 0 plugins.
Preloading 0 native plugins for Editor in 0.00 ms.
Unloading 1156 Unused Serialized files (Serialized files now loaded: 0)
System memory in use before: 62.6 MB.
System memory in use after: 62.1 MB.

Unloading 18 unused Assets to reduce memory usage. Loaded Objects now: 1637.
Total: 3.235500 ms (FindLiveObjects: 0.378800 ms CreateObjectMapping: 0.092500 ms MarkObjects: 2.318700 ms  DeleteObjects: 0.442400 ms)

========================================================================
Received Prepare
Registering precompiled user dll's ...
Registered in 0.001319 seconds.
Begin MonoManager ReloadAssembly
Native extension for WindowsStandalone target not found
Refreshing native plugins compatible for Editor in 0.22 ms, found 0 plugins.
Preloading 0 native plugins for Editor in 0.00 ms.
Invoked RoslynAnalysisRunner static constructor.
RoslynAnalysisRunner will not be running.
RoslynAnalysisRunner has terminated.
Mono: successfully reloaded assembly
- Completed reload, in  1.168 seconds
Platform modules already initialized, skipping
Refreshing native plugins compatible for Editor in 0.38 ms, found 0 plugins.
Preloading 0 native plugins for Editor in 0.00 ms.
Unloading 1156 Unused Serialized files (Serialized files now loaded: 0)
System memory in use before: 62.6 MB.
System memory in use after: 62.1 MB.

Unloading 18 unused Assets to reduce memory usage. Loaded Objects now: 1640.
Total: 2.300800 ms (FindLiveObjects: 0.262900 ms CreateObjectMapping: 0.075400 ms MarkObjects: 1.535400 ms  DeleteObjects: 0.425200 ms)

========================================================================
Received Prepare
Registering precompiled user dll's ...
Registered in 0.000778 seconds.
Begin MonoManager ReloadAssembly
Native extension for WindowsStandalone target not found
Refreshing native plugins compatible for Editor in 0.24 ms, found 0 plugins.
Preloading 0 native plugins for Editor in 0.00 ms.
Invoked RoslynAnalysisRunner static constructor.
RoslynAnalysisRunner will not be running.
RoslynAnalysisRunner has terminated.
Mono: successfully reloaded assembly
- Completed reload, in  1.009 seconds
Platform modules already initialized, skipping
Refreshing native plugins compatible for Editor in 0.24 ms, found 0 plugins.
Preloading 0 native plugins for Editor in 0.00 ms.
Unloading 1156 Unused Serialized files (Serialized files now loaded: 0)
System memory in use before: 62.6 MB.
System memory in use after: 62.1 MB.

Unloading 18 unused Assets to reduce memory usage. Loaded Objects now: 1643.
Total: 2.120500 ms (FindLiveObjects: 0.256200 ms CreateObjectMapping: 0.076100 ms MarkObjects: 1.437100 ms  DeleteObjects: 0.348900 ms)

========================================================================
Received Prepare
Registering precompiled user dll's ...
Registered in 0.001183 seconds.
Begin MonoManager ReloadAssembly
Native extension for WindowsStandalone target not found
Refreshing native plugins compatible for Editor in 0.24 ms, found 0 plugins.
Preloading 0 native plugins for Editor in 0.00 ms.
Invoked RoslynAnalysisRunner static constructor.
RoslynAnalysisRunner will not be running.
RoslynAnalysisRunner has terminated.
Mono: successfully reloaded assembly
- Completed reload, in  1.001 seconds
Platform modules already initialized, skipping
Refreshing native plugins compatible for Editor in 0.24 ms, found 0 plugins.
Preloading 0 native plugins for Editor in 0.00 ms.
Unloading 1156 Unused Serialized files (Serialized files now loaded: 0)
System memory in use before: 62.6 MB.
System memory in use after: 62.1 MB.

Unloading 18 unused Assets to reduce memory usage. Loaded Objects now: 1646.
Total: 1.999800 ms (FindLiveObjects: 0.174100 ms CreateObjectMapping: 0.055500 ms MarkObjects: 1.440500 ms  DeleteObjects: 0.328300 ms)

========================================================================
Received Prepare
Registering precompiled user dll's ...
Registered in 0.001071 seconds.
Begin MonoManager ReloadAssembly
Native extension for WindowsStandalone target not found
Refreshing native plugins compatible for Editor in 0.24 ms, found 0 plugins.
Preloading 0 native plugins for Editor in 0.00 ms.
Invoked RoslynAnalysisRunner static constructor.
RoslynAnalysisRunner will not be running.
RoslynAnalysisRunner has terminated.
Mono: successfully reloaded assembly
- Completed reload, in  1.020 seconds
Platform modules already initialized, skipping
Refreshing native plugins compatible for Editor in 0.22 ms, found 0 plugins.
Preloading 0 native plugins for Editor in 0.00 ms.
Unloading 1156 Unused Serialized files (Serialized files now loaded: 0)
System memory in use before: 62.6 MB.
System memory in use after: 62.1 MB.

Unloading 18 unused Assets to reduce memory usage. Loaded Objects now: 1649.
Total: 2.760700 ms (FindLiveObjects: 0.396800 ms CreateObjectMapping: 0.119900 ms MarkObjects: 1.852400 ms  DeleteObjects: 0.390100 ms)

========================================================================
Received Prepare
Registering precompiled user dll's ...
Registered in 0.000903 seconds.
Begin MonoManager ReloadAssembly
Native extension for WindowsStandalone target not found
Refreshing native plugins compatible for Editor in 0.58 ms, found 0 plugins.
Preloading 0 native plugins for Editor in 0.00 ms.
Invoked RoslynAnalysisRunner static constructor.
RoslynAnalysisRunner will not be running.
RoslynAnalysisRunner has terminated.
Mono: successfully reloaded assembly
- Completed reload, in  0.959 seconds
Platform modules already initialized, skipping
Refreshing native plugins compatible for Editor in 0.23 ms, found 0 plugins.
Preloading 0 native plugins for Editor in 0.00 ms.
Unloading 1156 Unused Serialized files (Serialized files now loaded: 0)
System memory in use before: 62.6 MB.
System memory in use after: 62.1 MB.

Unloading 18 unused Assets to reduce memory usage. Loaded Objects now: 1652.
Total: 2.510800 ms (FindLiveObjects: 0.174600 ms CreateObjectMapping: 0.055000 ms MarkObjects: 1.866500 ms  DeleteObjects: 0.413000 ms)

========================================================================
Received Import Request.
  Time since last request: 1984.685547 seconds.
  path: Assets/Scripts/Recipes.cs
  artifactKey: Guid(2651121d43075f0408e950d0260183b2) Importer(815301076,1909f56bfc062723c751e8b465ee728b)
Start importing Assets/Scripts/Recipes.cs using Guid(2651121d43075f0408e950d0260183b2) Importer(815301076,1909f56bfc062723c751e8b465ee728b)  -> (artifact id: '8563dfdbbbbce5987a97875e4fc68db1') in 0.014420 seconds
  Import took 0.017388 seconds .

========================================================================
Received Prepare
Registering precompiled user dll's ...
Registered in 0.000868 seconds.
Begin MonoManager ReloadAssembly
Native extension for WindowsStandalone target not found
Refreshing native plugins compatible for Editor in 0.27 ms, found 0 plugins.
Preloading 0 native plugins for Editor in 0.00 ms.
Invoked RoslynAnalysisRunner static constructor.
RoslynAnalysisRunner will not be running.
RoslynAnalysisRunner has terminated.
Mono: successfully reloaded assembly
- Completed reload, in  1.391 seconds
Platform modules already initialized, skipping
Refreshing native plugins compatible for Editor in 0.37 ms, found 0 plugins.
Preloading 0 native plugins for Editor in 0.00 ms.
Unloading 1157 Unused Serialized files (Serialized files now loaded: 0)
System memory in use before: 62.7 MB.
System memory in use after: 62.1 MB.

Unloading 18 unused Assets to reduce memory usage. Loaded Objects now: 1656.
Total: 2.546000 ms (FindLiveObjects: 0.262200 ms CreateObjectMapping: 0.089000 ms MarkObjects: 1.773400 ms  DeleteObjects: 0.418300 ms)

========================================================================
Received Import Request.
  Time since last request: 16.330979 seconds.
  path: Assets/Scripts/Recipes.cs
  artifactKey: Guid(2651121d43075f0408e950d0260183b2) Importer(815301076,1909f56bfc062723c751e8b465ee728b)
Start importing Assets/Scripts/Recipes.cs using Guid(2651121d43075f0408e950d0260183b2) Importer(815301076,1909f56bfc062723c751e8b465ee728b)  -> (artifact id: '6c4ff20c198386205db5d68dd3779405') in 0.008026 seconds
  Import took 0.011583 seconds .

========================================================================
Received Prepare
Registering precompiled user dll's ...
Registered in 0.000851 seconds.
Begin MonoManager ReloadAssembly
Native extension for WindowsStandalone target not found
Refreshing native plugins compatible for Editor in 0.25 ms, found 0 plugins.
Preloading 0 native plugins for Editor in 0.00 ms.
Invoked RoslynAnalysisRunner static constructor.
RoslynAnalysisRunner will not be running.
RoslynAnalysisRunner has terminated.
Mono: successfully reloaded assembly
- Completed reload, in  0.931 seconds
Platform modules already initialized, skipping
Refreshing native plugins compatible for Editor in 0.21 ms, found 0 plugins.
Preloading 0 native plugins for Editor in 0.00 ms.
Unloading 1157 Unused Serialized files (Serialized files now loaded: 0)
System memory in use before: 62.7 MB.
System memory in use after: 62.1 MB.

Unloading 18 unused Assets to reduce memory usage. Loaded Objects now: 1659.
Total: 2.343600 ms (FindLiveObjects: 0.219600 ms CreateObjectMapping: 0.067100 ms MarkObjects: 1.666900 ms  DeleteObjects: 0.387700 ms)

========================================================================
Received Import Request.
  Time since last request: 18.596979 seconds.
  path: Assets/Scripts/Recipes.cs
  artifactKey: Guid(2651121d43075f0408e950d0260183b2) Importer(815301076,1909f56bfc062723c751e8b465ee728b)
Start importing Assets/Scripts/Recipes.cs using Guid(2651121d43075f0408e950d0260183b2) Importer(815301076,1909f56bfc062723c751e8b465ee728b)  -> (artifact id: '148006eb0901f29f8c81ea94b0d8fc60') in 0.022679 seconds
  Import took 0.028082 seconds .

========================================================================
Received Prepare
Registering precompiled user dll's ...
Registered in 0.000950 seconds.
Begin MonoManager ReloadAssembly
Native extension for WindowsStandalone target not found
Refreshing native plugins compatible for Editor in 0.26 ms, found 0 plugins.
Preloading 0 native plugins for Editor in 0.00 ms.
Invoked RoslynAnalysisRunner static constructor.
RoslynAnalysisRunner will not be running.
RoslynAnalysisRunner has terminated.
Mono: successfully reloaded assembly
- Completed reload, in  1.083 seconds
Platform modules already initialized, skipping
Refreshing native plugins compatible for Editor in 0.21 ms, found 0 plugins.
Preloading 0 native plugins for Editor in 0.00 ms.
Unloading 1157 Unused Serialized files (Serialized files now loaded: 0)
System memory in use before: 62.7 MB.
System memory in use after: 62.1 MB.

Unloading 18 unused Assets to reduce memory usage. Loaded Objects now: 1662.
Total: 3.830900 ms (FindLiveObjects: 0.794700 ms CreateObjectMapping: 0.349200 ms MarkObjects: 2.226800 ms  DeleteObjects: 0.454300 ms)

========================================================================
Received Prepare
Registering precompiled user dll's ...
Registered in 0.000813 seconds.
Begin MonoManager ReloadAssembly
Native extension for WindowsStandalone target not found
Refreshing native plugins compatible for Editor in 0.23 ms, found 0 plugins.
Preloading 0 native plugins for Editor in 0.00 ms.
Invoked RoslynAnalysisRunner static constructor.
RoslynAnalysisRunner will not be running.
RoslynAnalysisRunner has terminated.
Mono: successfully reloaded assembly
- Completed reload, in  0.851 seconds
Platform modules already initialized, skipping
Refreshing native plugins compatible for Editor in 0.26 ms, found 0 plugins.
Preloading 0 native plugins for Editor in 0.00 ms.
Unloading 1157 Unused Serialized files (Serialized files now loaded: 0)
System memory in use before: 62.7 MB.
System memory in use after: 62.1 MB.

Unloading 18 unused Assets to reduce memory usage. Loaded Objects now: 1665.
Total: 1.835300 ms (FindLiveObjects: 0.158900 ms CreateObjectMapping: 0.039400 ms MarkObjects: 1.333500 ms  DeleteObjects: 0.302700 ms)

========================================================================
Received Prepare
Registering precompiled user dll's ...
Registered in 0.000814 seconds.
Begin MonoManager ReloadAssembly
Native extension for WindowsStandalone target not found
Refreshing native plugins compatible for Editor in 0.22 ms, found 0 plugins.
Preloading 0 native plugins for Editor in 0.00 ms.
Invoked RoslynAnalysisRunner static constructor.
RoslynAnalysisRunner will not be running.
RoslynAnalysisRunner has terminated.
Mono: successfully reloaded assembly
- Completed reload, in  0.865 seconds
Platform modules already initialized, skipping
Refreshing native plugins compatible for Editor in 0.37 ms, found 0 plugins.
Preloading 0 native plugins for Editor in 0.00 ms.
Unloading 1157 Unused Serialized files (Serialized files now loaded: 0)
System memory in use before: 62.7 MB.
System memory in use after: 62.2 MB.

Unloading 18 unused Assets to reduce memory usage. Loaded Objects now: 1668.
Total: 2.321800 ms (FindLiveObjects: 0.227700 ms CreateObjectMapping: 0.061700 ms MarkObjects: 1.681600 ms  DeleteObjects: 0.349200 ms)

========================================================================
Received Prepare
Registering precompiled user dll's ...
Registered in 0.000782 seconds.
Begin MonoManager ReloadAssembly
Native extension for WindowsStandalone target not found
Refreshing native plugins compatible for Editor in 0.23 ms, found 0 plugins.
Preloading 0 native plugins for Editor in 0.00 ms.
Invoked RoslynAnalysisRunner static constructor.
RoslynAnalysisRunner will not be running.
RoslynAnalysisRunner has terminated.
Mono: successfully reloaded assembly
- Completed reload, in  0.908 seconds
Platform modules already initialized, skipping
Refreshing native plugins compatible for Editor in 0.22 ms, found 0 plugins.
Preloading 0 native plugins for Editor in 0.00 ms.
Unloading 1157 Unused Serialized files (Serialized files now loaded: 0)
System memory in use before: 62.7 MB.
System memory in use after: 62.2 MB.

Unloading 18 unused Assets to reduce memory usage. Loaded Objects now: 1671.
Total: 2.018400 ms (FindLiveObjects: 0.165800 ms CreateObjectMapping: 0.044600 ms MarkObjects: 1.465400 ms  DeleteObjects: 0.341100 ms)

========================================================================
Received Prepare
Registering precompiled user dll's ...
Registered in 0.001058 seconds.
Begin MonoManager ReloadAssembly
Native extension for WindowsStandalone target not found
Refreshing native plugins compatible for Editor in 0.23 ms, found 0 plugins.
Preloading 0 native plugins for Editor in 0.00 ms.
Invoked RoslynAnalysisRunner static constructor.
RoslynAnalysisRunner will not be running.
RoslynAnalysisRunner has terminated.
Mono: successfully reloaded assembly
- Completed reload, in  0.892 seconds
Platform modules already initialized, skipping
Refreshing native plugins compatible for Editor in 0.29 ms, found 0 plugins.
Preloading 0 native plugins for Editor in 0.00 ms.
Unloading 1157 Unused Serialized files (Serialized files now loaded: 0)
System memory in use before: 62.7 MB.
System memory in use after: 62.2 MB.

Unloading 18 unused Assets to reduce memory usage. Loaded Objects now: 1674.
Total: 3.706400 ms (FindLiveObjects: 0.233700 ms CreateObjectMapping: 0.073800 ms MarkObjects: 2.667200 ms  DeleteObjects: 0.730000 ms)

========================================================================
Received Prepare
Registering precompiled user dll's ...
Registered in 0.000756 seconds.
Begin MonoManager ReloadAssembly
Native extension for WindowsStandalone target not found
Refreshing native plugins compatible for Editor in 0.20 ms, found 0 plugins.
Preloading 0 native plugins for Editor in 0.00 ms.
Invoked RoslynAnalysisRunner static constructor.
RoslynAnalysisRunner will not be running.
RoslynAnalysisRunner has terminated.
Mono: successfully reloaded assembly
- Completed reload, in  0.838 seconds
Platform modules already initialized, skipping
Refreshing native plugins compatible for Editor in 0.21 ms, found 0 plugins.
Preloading 0 native plugins for Editor in 0.00 ms.
Unloading 1157 Unused Serialized files (Serialized files now loaded: 0)
System memory in use before: 62.7 MB.
System memory in use after: 62.2 MB.

Unloading 18 unused Assets to reduce memory usage. Loaded Objects now: 1677.
Total: 1.835500 ms (FindLiveObjects: 0.128300 ms CreateObjectMapping: 0.036400 ms MarkObjects: 1.360200 ms  DeleteObjects: 0.309800 ms)

========================================================================
Received Prepare
Registering precompiled user dll's ...
Registered in 0.000816 seconds.
Begin MonoManager ReloadAssembly
Native extension for WindowsStandalone target not found
Refreshing native plugins compatible for Editor in 0.25 ms, found 0 plugins.
Preloading 0 native plugins for Editor in 0.00 ms.
Invoked RoslynAnalysisRunner static constructor.
RoslynAnalysisRunner will not be running.
RoslynAnalysisRunner has terminated.
Mono: successfully reloaded assembly
- Completed reload, in  0.904 seconds
Platform modules already initialized, skipping
Refreshing native plugins compatible for Editor in 0.22 ms, found 0 plugins.
Preloading 0 native plugins for Editor in 0.00 ms.
Unloading 1157 Unused Serialized files (Serialized files now loaded: 0)
System memory in use before: 62.7 MB.
System memory in use after: 62.2 MB.

Unloading 18 unused Assets to reduce memory usage. Loaded Objects now: 1680.
Total: 1.977300 ms (FindLiveObjects: 0.145600 ms CreateObjectMapping: 0.040100 ms MarkObjects: 1.450100 ms  DeleteObjects: 0.340400 ms)

========================================================================
Received Prepare
Registering precompiled user dll's ...
Registered in 0.002808 seconds.
Begin MonoManager ReloadAssembly
Native extension for WindowsStandalone target not found
Refreshing native plugins compatible for Editor in 0.23 ms, found 0 plugins.
Preloading 0 native plugins for Editor in 0.00 ms.
Invoked RoslynAnalysisRunner static constructor.
RoslynAnalysisRunner will not be running.
RoslynAnalysisRunner has terminated.
Mono: successfully reloaded assembly
- Completed reload, in  1.160 seconds
Platform modules already initialized, skipping
Refreshing native plugins compatible for Editor in 0.24 ms, found 0 plugins.
Preloading 0 native plugins for Editor in 0.00 ms.
Unloading 1157 Unused Serialized files (Serialized files now loaded: 0)
System memory in use before: 62.7 MB.
System memory in use after: 62.2 MB.

Unloading 18 unused Assets to reduce memory usage. Loaded Objects now: 1683.
Total: 2.164200 ms (FindLiveObjects: 0.156600 ms CreateObjectMapping: 0.051300 ms MarkObjects: 1.577200 ms  DeleteObjects: 0.377900 ms)

========================================================================
Received Prepare
Registering precompiled user dll's ...
Registered in 0.000766 seconds.
Begin MonoManager ReloadAssembly
Native extension for WindowsStandalone target not found
Refreshing native plugins compatible for Editor in 0.25 ms, found 0 plugins.
Preloading 0 native plugins for Editor in 0.00 ms.
Invoked RoslynAnalysisRunner static constructor.
RoslynAnalysisRunner will not be running.
RoslynAnalysisRunner has terminated.
Mono: successfully reloaded assembly
- Completed reload, in  0.918 seconds
Platform modules already initialized, skipping
Refreshing native plugins compatible for Editor in 0.22 ms, found 0 plugins.
Preloading 0 native plugins for Editor in 0.00 ms.
Unloading 1157 Unused Serialized files (Serialized files now loaded: 0)
System memory in use before: 62.7 MB.
System memory in use after: 62.2 MB.

Unloading 18 unused Assets to reduce memory usage. Loaded Objects now: 1686.
Total: 1.962800 ms (FindLiveObjects: 0.139300 ms CreateObjectMapping: 0.041100 ms MarkObjects: 1.441400 ms  DeleteObjects: 0.339200 ms)

========================================================================
Received Prepare
Registering precompiled user dll's ...
Registered in 0.000764 seconds.
Begin MonoManager ReloadAssembly
Native extension for WindowsStandalone target not found
Refreshing native plugins compatible for Editor in 0.26 ms, found 0 plugins.
Preloading 0 native plugins for Editor in 0.00 ms.
Invoked RoslynAnalysisRunner static constructor.
RoslynAnalysisRunner will not be running.
RoslynAnalysisRunner has terminated.
Mono: successfully reloaded assembly
- Completed reload, in  1.080 seconds
Platform modules already initialized, skipping
Refreshing native plugins compatible for Editor in 0.23 ms, found 0 plugins.
Preloading 0 native plugins for Editor in 0.00 ms.
Unloading 1157 Unused Serialized files (Serialized files now loaded: 0)
System memory in use before: 62.7 MB.
System memory in use after: 62.2 MB.

Unloading 18 unused Assets to reduce memory usage. Loaded Objects now: 1689.
Total: 2.393000 ms (FindLiveObjects: 0.163100 ms CreateObjectMapping: 0.046300 ms MarkObjects: 1.762700 ms  DeleteObjects: 0.419500 ms)

========================================================================
Received Prepare
Registering precompiled user dll's ...
Registered in 0.000797 seconds.
Begin MonoManager ReloadAssembly
Native extension for WindowsStandalone target not found
Refreshing native plugins compatible for Editor in 0.27 ms, found 0 plugins.
Preloading 0 native plugins for Editor in 0.00 ms.
Invoked RoslynAnalysisRunner static constructor.
RoslynAnalysisRunner will not be running.
RoslynAnalysisRunner has terminated.
Mono: successfully reloaded assembly
- Completed reload, in  0.859 seconds
Platform modules already initialized, skipping
Refreshing native plugins compatible for Editor in 0.21 ms, found 0 plugins.
Preloading 0 native plugins for Editor in 0.00 ms.
Unloading 1157 Unused Serialized files (Serialized files now loaded: 0)
System memory in use before: 62.7 MB.
System memory in use after: 62.2 MB.

Unloading 18 unused Assets to reduce memory usage. Loaded Objects now: 1692.
Total: 1.957100 ms (FindLiveObjects: 0.135700 ms CreateObjectMapping: 0.038300 ms MarkObjects: 1.469800 ms  DeleteObjects: 0.312400 ms)

========================================================================
Received Prepare
Registering precompiled user dll's ...
Registered in 0.000966 seconds.
Begin MonoManager ReloadAssembly
Native extension for WindowsStandalone target not found
Refreshing native plugins compatible for Editor in 0.34 ms, found 0 plugins.
Preloading 0 native plugins for Editor in 0.00 ms.
Invoked RoslynAnalysisRunner static constructor.
RoslynAnalysisRunner will not be running.
RoslynAnalysisRunner has terminated.
Mono: successfully reloaded assembly
- Completed reload, in  0.851 seconds
Platform modules already initialized, skipping
Refreshing native plugins compatible for Editor in 0.22 ms, found 0 plugins.
Preloading 0 native plugins for Editor in 0.00 ms.
Unloading 1157 Unused Serialized files (Serialized files now loaded: 0)
System memory in use before: 62.7 MB.
System memory in use after: 62.2 MB.

Unloading 18 unused Assets to reduce memory usage. Loaded Objects now: 1695.
Total: 2.274600 ms (FindLiveObjects: 0.255700 ms CreateObjectMapping: 0.061300 ms MarkObjects: 1.615900 ms  DeleteObjects: 0.340000 ms)

========================================================================
Received Prepare
Registering precompiled user dll's ...
Registered in 0.001259 seconds.
Begin MonoManager ReloadAssembly
Native extension for WindowsStandalone target not found
Refreshing native plugins compatible for Editor in 0.27 ms, found 0 plugins.
Preloading 0 native plugins for Editor in 0.00 ms.
Invoked RoslynAnalysisRunner static constructor.
RoslynAnalysisRunner will not be running.
RoslynAnalysisRunner has terminated.
Mono: successfully reloaded assembly
- Completed reload, in  0.958 seconds
Platform modules already initialized, skipping
Refreshing native plugins compatible for Editor in 0.22 ms, found 0 plugins.
Preloading 0 native plugins for Editor in 0.00 ms.
Unloading 1157 Unused Serialized files (Serialized files now loaded: 0)
System memory in use before: 62.7 MB.
System memory in use after: 62.2 MB.

Unloading 18 unused Assets to reduce memory usage. Loaded Objects now: 1698.
Total: 2.124700 ms (FindLiveObjects: 0.256600 ms CreateObjectMapping: 0.078900 ms MarkObjects: 1.361700 ms  DeleteObjects: 0.426500 ms)

========================================================================
Received Prepare
Registering precompiled user dll's ...
Registered in 0.000872 seconds.
Begin MonoManager ReloadAssembly
Native extension for WindowsStandalone target not found
Refreshing native plugins compatible for Editor in 0.38 ms, found 0 plugins.
Preloading 0 native plugins for Editor in 0.00 ms.
Invoked RoslynAnalysisRunner static constructor.
RoslynAnalysisRunner will not be running.
RoslynAnalysisRunner has terminated.
Mono: successfully reloaded assembly
- Completed reload, in  1.053 seconds
Platform modules already initialized, skipping
Refreshing native plugins compatible for Editor in 0.23 ms, found 0 plugins.
Preloading 0 native plugins for Editor in 0.00 ms.
Unloading 1157 Unused Serialized files (Serialized files now loaded: 0)
System memory in use before: 62.7 MB.
System memory in use after: 62.2 MB.

Unloading 18 unused Assets to reduce memory usage. Loaded Objects now: 1701.
Total: 2.424000 ms (FindLiveObjects: 0.188200 ms CreateObjectMapping: 0.049500 ms MarkObjects: 1.816600 ms  DeleteObjects: 0.368700 ms)

========================================================================
Received Prepare
Registering precompiled user dll's ...
Registered in 0.001083 seconds.
Begin MonoManager ReloadAssembly
Native extension for WindowsStandalone target not found
Refreshing native plugins compatible for Editor in 0.24 ms, found 0 plugins.
Preloading 0 native plugins for Editor in 0.00 ms.
Invoked RoslynAnalysisRunner static constructor.
RoslynAnalysisRunner will not be running.
RoslynAnalysisRunner has terminated.
Mono: successfully reloaded assembly
- Completed reload, in  0.973 seconds
Platform modules already initialized, skipping
Refreshing native plugins compatible for Editor in 0.31 ms, found 0 plugins.
Preloading 0 native plugins for Editor in 0.00 ms.
Unloading 1157 Unused Serialized files (Serialized files now loaded: 0)
System memory in use before: 62.7 MB.
System memory in use after: 62.2 MB.

Unloading 18 unused Assets to reduce memory usage. Loaded Objects now: 1704.
Total: 2.077200 ms (FindLiveObjects: 0.175300 ms CreateObjectMapping: 0.051000 ms MarkObjects: 1.512100 ms  DeleteObjects: 0.337300 ms)

========================================================================
Received Prepare
Registering precompiled user dll's ...
Registered in 0.000756 seconds.
Begin MonoManager ReloadAssembly
Native extension for WindowsStandalone target not found
Refreshing native plugins compatible for Editor in 0.35 ms, found 0 plugins.
Preloading 0 native plugins for Editor in 0.00 ms.
Invoked RoslynAnalysisRunner static constructor.
RoslynAnalysisRunner will not be running.
RoslynAnalysisRunner has terminated.
Mono: successfully reloaded assembly
- Completed reload, in  0.944 seconds
Platform modules already initialized, skipping
Refreshing native plugins compatible for Editor in 0.24 ms, found 0 plugins.
Preloading 0 native plugins for Editor in 0.00 ms.
Unloading 1157 Unused Serialized files (Serialized files now loaded: 0)
System memory in use before: 62.7 MB.
System memory in use after: 62.2 MB.

Unloading 18 unused Assets to reduce memory usage. Loaded Objects now: 1707.
Total: 1.944500 ms (FindLiveObjects: 0.146600 ms CreateObjectMapping: 0.040800 ms MarkObjects: 1.412000 ms  DeleteObjects: 0.344000 ms)

========================================================================
Received Prepare
Registering precompiled user dll's ...
Registered in 0.000755 seconds.
Begin MonoManager ReloadAssembly
Native extension for WindowsStandalone target not found
Refreshing native plugins compatible for Editor in 0.21 ms, found 0 plugins.
Preloading 0 native plugins for Editor in 0.00 ms.
Invoked RoslynAnalysisRunner static constructor.
RoslynAnalysisRunner will not be running.
RoslynAnalysisRunner has terminated.
Mono: successfully reloaded assembly
- Completed reload, in  0.881 seconds
Platform modules already initialized, skipping
Refreshing native plugins compatible for Editor in 0.23 ms, found 0 plugins.
Preloading 0 native plugins for Editor in 0.00 ms.
Unloading 1157 Unused Serialized files (Serialized files now loaded: 0)
System memory in use before: 62.8 MB.
System memory in use after: 62.2 MB.

Unloading 18 unused Assets to reduce memory usage. Loaded Objects now: 1710.
Total: 2.079400 ms (FindLiveObjects: 0.241600 ms CreateObjectMapping: 0.075400 ms MarkObjects: 1.411000 ms  DeleteObjects: 0.350400 ms)

========================================================================
Received Prepare
Registering precompiled user dll's ...
Registered in 0.000736 seconds.
Begin MonoManager ReloadAssembly
Native extension for WindowsStandalone target not found
Refreshing native plugins compatible for Editor in 0.25 ms, found 0 plugins.
Preloading 0 native plugins for Editor in 0.00 ms.
Invoked RoslynAnalysisRunner static constructor.
RoslynAnalysisRunner will not be running.
RoslynAnalysisRunner has terminated.
Mono: successfully reloaded assembly
- Completed reload, in  0.880 seconds
Platform modules already initialized, skipping
Refreshing native plugins compatible for Editor in 0.25 ms, found 0 plugins.
Preloading 0 native plugins for Editor in 0.00 ms.
Unloading 1157 Unused Serialized files (Serialized files now loaded: 0)
System memory in use before: 62.8 MB.
System memory in use after: 62.2 MB.

Unloading 18 unused Assets to reduce memory usage. Loaded Objects now: 1713.
Total: 2.346100 ms (FindLiveObjects: 0.183600 ms CreateObjectMapping: 0.048000 ms MarkObjects: 1.755600 ms  DeleteObjects: 0.357600 ms)

========================================================================
Received Prepare
Registering precompiled user dll's ...
Registered in 0.000756 seconds.
Begin MonoManager ReloadAssembly
Native extension for WindowsStandalone target not found
Refreshing native plugins compatible for Editor in 0.24 ms, found 0 plugins.
Preloading 0 native plugins for Editor in 0.00 ms.
Invoked RoslynAnalysisRunner static constructor.
RoslynAnalysisRunner will not be running.
RoslynAnalysisRunner has terminated.
Mono: successfully reloaded assembly
- Completed reload, in  0.961 seconds
Platform modules already initialized, skipping
Refreshing native plugins compatible for Editor in 0.23 ms, found 0 plugins.
Preloading 0 native plugins for Editor in 0.00 ms.
Unloading 1157 Unused Serialized files (Serialized files now loaded: 0)
System memory in use before: 62.8 MB.
System memory in use after: 62.2 MB.

Unloading 18 unused Assets to reduce memory usage. Loaded Objects now: 1716.
Total: 3.907900 ms (FindLiveObjects: 0.374000 ms CreateObjectMapping: 0.104200 ms MarkObjects: 2.467200 ms  DeleteObjects: 0.959000 ms)

AssetImportWorkerClient::OnTransportError - code=2 error=End of file
